1648371894435:t
1648371898442:test
1648371900047:hh
1648371901456:t
1648372000489:f
1648372017138:t
1648372062830:jh
1648372086472:t
1648372088390:h
1648372116038:t
1648374023200:i
1648374025075:32
1648375784973:1
1648375786276:i
1648378682151:ш
1648378686786:i
1648379113181:o
1648379115405:i
1648379117403:o
1648379171040:i
1648379172035:o
1648379304082:i
1648379649560:r
1648379656440:r Долина
1648380404197:i
1648380406158:o
1648380409384:c
1648380412789:cv
1648380415828:c vv cc
1648380421966:c hh 1
1648380549169:2
1648380552120:i
1648380947355:c aa 2 2
1648381385513:i
1648381388795:c 22 2 2
1648381390191:i
1648381895633:u Долина 3 3
1648381897209:i
1648382079410:d Долина
1648382081029:i
